0001_0010_0010_0060_0060.jpg 1 10 10 60 60
0002_0011_0031_0042_0042.jpg 1 11 31 42 42
0003_0019_0011_0051_0051.jpg 1 19 11 51 51
0004_0013_0006_0058_0058.jpg 1 13 6 58 58
0005_0013_0027_0050_0050.jpg 1 13 27 50 50
0006_0032_0006_0047_0047.jpg 1 32 6 47 47
0007_0012_0024_0065_0065.jpg 1 12 24 65 65
0008_0046_0042_0032_0032.jpg 1 46 42 32 32
0009_0022_0016_0064_0064.jpg 1 22 16 64 64
0010_0028_0021_0061_0061.jpg 1 28 21 61 61
0011_0015_0027_0054_0054.jpg 1 15 27 54 54
0012_0012_0025_0055_0055.jpg 1 12 25 55 55
0013_0041_0036_0024_0024.jpg 1 41 36 24 24
0014_0029_0011_0031_0031.jpg 1 29 11 31 31
0015_0040_0012_0042_0042.jpg 1 40 12 42 42
0016_0033_0040_0031_0031.jpg 1 33 40 31 31
0017_0017_0005_0069_0069.jpg 1 17 5 69 69
0018_0011_0019_0059_0059.jpg 1 11 19 59 59
0019_0031_0044_0030_0030.jpg 1 31 44 30 30
0020_0025_0012_0068_0068.jpg 1 25 12 68 68
0021_0007_0029_0063_0063.jpg 1 7 29 63 63
0022_0037_0010_0033_0033.jpg 1 37 10 33 33
0023_0014_0017_0045_0045.jpg 1 14 17 45 45
0024_0013_0025_0067_0067.jpg 1 13 25 67 67
0025_0010_0027_0063_0063.jpg 1 10 27 63 63
0026_0010_0015_0064_0064.jpg 1 10 15 64 64
0027_0010_0010_0027_0027.jpg 1 10 10 27 27
0028_0013_0010_0065_0065.jpg 1 13 10 65 65
0029_0018_0030_0061_0061.jpg 1 18 30 61 61
0030_0018_0009_0050_0050.jpg 1 18 9 50 50
0031_0026_0013_0066_0066.jpg 1 26 13 66 66
0032_0017_0025_0057_0057.jpg 1 17 25 57 57
0033_0019_0004_0064_0064.jpg 1 19 4 64 64
0034_0036_0040_0049_0049.jpg 1 36 40 49 49
0035_0043_0041_0040_0040.jpg 1 43 41 40 40
0036_0016_0014_0064_0064.jpg 1 16 14 64 64
0037_0012_0014_0059_0059.jpg 1 12 14 59 59
0038_0021_0019_0063_0063.jpg 1 21 19 63 63
0039_0023_0022_0052_0052.jpg 1 23 22 52 52
0040_0009_0015_0029_0029.jpg 1 9 15 29 29
0041_0037_0015_0049_0049.jpg 1 37 15 49 49
0042_0008_0008_0055_0055.jpg 1 8 8 55 55
0043_0014_0009_0033_0033.jpg 1 14 9 33 33
0044_0021_0005_0057_0057.jpg 1 21 5 57 57
0045_0009_0029_0049_0049.jpg 1 9 29 49 49
0046_0009_0040_0044_0044.jpg 1 9 40 44 44
0047_0013_0019_0068_0068.jpg 1 13 19 68 68
0048_0047_0026_0030_0030.jpg 1 47 26 30 30
0049_0051_0058_0024_0024.jpg 1 51 58 24 24
0050_0031_0033_0053_0053.jpg 1 31 33 53 53
0051_0010_0039_0025_0025.jpg 1 10 39 25 25
0052_0042_0009_0038_0038.jpg 1 42 9 38 38
0053_0008_0018_0037_0037.jpg 1 8 18 37 37
0054_0016_0024_0048_0048.jpg 1 16 24 48 48
0055_0032_0013_0057_0057.jpg 1 32 13 57 57
0056_0024_0015_0039_0039.jpg 1 24 15 39 39
0057_0025_0017_0055_0055.jpg 1 25 17 55 55
0058_0023_0042_0029_0029.jpg 1 23 42 29 29
0059_0025_0049_0031_0031.jpg 1 25 49 31 31
0060_0037_0014_0045_0045.jpg 1 37 14 45 45
0061_0025_0014_0066_0066.jpg 1 25 14 66 66
0062_0007_0047_0026_0026.jpg 1 7 47 26 26
0063_0039_0018_0032_0032.jpg 1 39 18 32 32
0064_0020_0026_0046_0046.jpg 1 20 26 46 46
0065_0019_0038_0049_0049.jpg 1 19 38 49 49
0066_0031_0009_0060_0060.jpg 1 31 9 60 60
0067_0020_0009_0052_0052.jpg 1 20 9 52 52
0068_0014_0029_0027_0027.jpg 1 14 29 27 27
0069_0022_0049_0024_0024.jpg 1 22 49 24 24
0070_0049_0029_0030_0030.jpg 1 49 29 30 30
0071_0023_0036_0049_0049.jpg 1 23 36 49 49
0072_0024_0023_0067_0067.jpg 1 24 23 67 67
0073_0014_0028_0047_0047.jpg 1 14 28 47 47
0074_0016_0007_0061_0061.jpg 1 16 7 61 61
0075_0022_0012_0062_0062.jpg 1 22 12 62 62
0076_0009_0016_0068_0068.jpg 1 9 16 68 68
0077_0006_0022_0062_0062.jpg 1 6 22 62 62
0078_0043_0010_0042_0042.jpg 1 43 10 42 42
0079_0004_0024_0066_0066.jpg 1 4 24 66 66
0080_0050_0013_0035_0035.jpg 1 50 13 35 35
0081_0013_0050_0036_0036.jpg 1 13 50 36 36
0082_0010_0023_0065_0065.jpg 1 10 23 65 65
0083_0013_0020_0035_0035.jpg 1 13 20 35 35
0084_0026_0027_0065_0065.jpg 1 26 27 65 65
0085_0040_0008_0046_0046.jpg 1 40 8 46 46
0086_0006_0023_0053_0053.jpg 1 6 23 53 53
0087_0047_0039_0035_0035.jpg 1 47 39 35 35
0088_0017_0034_0029_0029.jpg 1 17 34 29 29
0089_0035_0027_0048_0048.jpg 1 35 27 48 48
0090_0015_0021_0061_0061.jpg 1 15 21 61 61
0091_0024_0028_0046_0046.jpg 1 24 28 46 46
0092_0022_0010_0045_0045.jpg 1 22 10 45 45
0093_0024_0020_0060_0060.jpg 1 24 20 60 60
0094_0028_0018_0053_0053.jpg 1 28 18 53 53
0095_0034_0014_0056_0056.jpg 1 34 14 56 56
0096_0011_0012_0055_0055.jpg 1 11 12 55 55
0097_0023_0020_0063_0063.jpg 1 23 20 63 63
0098_0010_0015_0068_0068.jpg 1 10 15 68 68
0099_0019_0041_0039_0039.jpg 1 19 41 39 39
0100_0018_0027_0044_0044.jpg 1 18 27 44 44
0101_0017_0033_0052_0052.jpg 1 17 33 52 52
0102_0029_0049_0029_0029.jpg 1 29 49 29 29
0103_0021_0009_0032_0032.jpg 1 21 9 32 32
0104_0012_0016_0051_0051.jpg 1 12 16 51 51
0105_0013_0016_0069_0069.jpg 1 13 16 69 69
0106_0022_0033_0054_0054.jpg 1 22 33 54 54
0107_0012_0026_0059_0059.jpg 1 12 26 59 59
0108_0013_0050_0028_0028.jpg 1 13 50 28 28
0109_0025_0011_0060_0060.jpg 1 25 11 60 60
0110_0031_0046_0036_0036.jpg 1 31 46 36 36
0111_0058_0035_0025_0025.jpg 1 58 35 25 25
0112_0017_0037_0050_0050.jpg 1 17 37 50 50
0113_0046_0014_0041_0041.jpg 1 46 14 41 41
0114_0008_0012_0061_0061.jpg 1 8 12 61 61
0115_0035_0044_0040_0040.jpg 1 35 44 40 40
0116_0022_0013_0059_0059.jpg 1 22 13 59 59
0117_0014_0032_0027_0027.jpg 1 14 32 27 27
0118_0030_0031_0040_0040.jpg 1 30 31 40 40
0119_0010_0023_0057_0057.jpg 1 10 23 57 57
0120_0008_0019_0058_0058.jpg 1 8 19 58 58
0121_0015_0019_0051_0051.jpg 1 15 19 51 51
0122_0006_0025_0061_0061.jpg 1 6 25 61 61
0123_0028_0020_0058_0058.jpg 1 28 20 58 58
0124_0025_0010_0035_0035.jpg 1 25 10 35 35
0125_0023_0005_0048_0048.jpg 1 23 5 48 48
0126_0034_0054_0028_0028.jpg 1 34 54 28 28
0127_0027_0038_0039_0039.jpg 1 27 38 39 39
0128_0014_0033_0046_0046.jpg 1 14 33 46 46
0129_0046_0048_0038_0038.jpg 1 46 48 38 38
0130_0039_0008_0040_0040.jpg 1 39 8 40 40
0131_0013_0012_0065_0065.jpg 1 13 12 65 65
0132_0030_0023_0043_0043.jpg 1 30 23 43 43
0133_0045_0048_0038_0038.jpg 1 45 48 38 38
0134_0036_0020_0046_0046.jpg 1 36 20 46 46
0135_0057_0047_0027_0027.jpg 1 57 47 27 27
0136_0050_0042_0032_0032.jpg 1 50 42 32 32
0137_0050_0019_0032_0032.jpg 1 50 19 32 32
0138_0032_0023_0034_0034.jpg 1 32 23 34 34
0139_0041_0030_0045_0045.jpg 1 41 30 45 45
0140_0008_0050_0028_0028.jpg 1 8 50 28 28
0141_0024_0016_0045_0045.jpg 1 24 16 45 45
0142_0034_0005_0056_0056.jpg 1 34 5 56 56
0143_0048_0026_0032_0032.jpg 1 48 26 32 32
0144_0032_0014_0038_0038.jpg 1 32 14 38 38
0145_0022_0031_0046_0046.jpg 1 22 31 46 46
0146_0015_0006_0068_0068.jpg 1 15 6 68 68
0147_0020_0022_0066_0066.jpg 1 20 22 66 66
0148_0023_0010_0049_0049.jpg 1 23 10 49 49
0149_0036_0041_0040_0040.jpg 1 36 41 40 40
0150_0017_0022_0035_0035.jpg 1 17 22 35 35
0151_0052_0046_0034_0034.jpg 1 52 46 34 34
0152_0006_0007_0054_0054.jpg 1 6 7 54 54
0153_0036_0014_0043_0043.jpg 1 36 14 43 43
0154_0022_0009_0064_0064.jpg 1 22 9 64 64
0155_0034_0026_0055_0055.jpg 1 34 26 55 55
0156_0014_0019_0059_0059.jpg 1 14 19 59 59
0157_0010_0011_0057_0057.jpg 1 10 11 57 57
0158_0014_0004_0065_0065.jpg 1 14 4 65 65
0159_0042_0045_0042_0042.jpg 1 42 45 42 42
0160_0023_0023_0040_0040.jpg 1 23 23 40 40
0161_0015_0024_0027_0027.jpg 1 15 24 27 27
0162_0014_0035_0027_0027.jpg 1 14 35 27 27
0163_0029_0017_0058_0058.jpg 1 29 17 58 58
0164_0008_0007_0054_0054.jpg 1 8 7 54 54
0165_0008_0037_0049_0049.jpg 1 8 37 49 49
0166_0044_0015_0034_0034.jpg 1 44 15 34 34
0167_0029_0053_0027_0027.jpg 1 29 53 27 27
0168_0017_0028_0028_0028.jpg 1 17 28 28 28
0169_0041_0036_0025_0025.jpg 1 41 36 25 25
0170_0010_0004_0056_0056.jpg 1 10 4 56 56
0171_0020_0009_0053_0053.jpg 1 20 9 53 53
0172_0038_0031_0034_0034.jpg 1 38 31 34 34
0173_0004_0007_0059_0059.jpg 1 4 7 59 59
0174_0036_0042_0031_0031.jpg 1 36 42 31 31
0175_0009_0018_0068_0068.jpg 1 9 18 68 68
0176_0015_0014_0033_0033.jpg 1 15 14 33 33
0177_0049_0023_0033_0033.jpg 1 49 23 33 33
0178_0046_0040_0038_0038.jpg 1 46 40 38 38
0179_0012_0027_0050_0050.jpg 1 12 27 50 50
0180_0007_0055_0027_0027.jpg 1 7 55 27 27
